<?xml version="1.0" encoding="UTF-8"?>
<!-- Generated by org.testng.reporters.JUnitReportReporter -->
<testsuite hostname="new-PC" name="example.NewTest" tests="1" failures="0" timestamp="16 Jun 2018 14:31:20 GMT" time="12.236" errors="0">
  <testcase name="testEasy" time="12.236" classname="example.NewTest"/>
</testsuite> <!-- example.NewTest -->
